<?xml version="1.0" encoding="UTF-8"?>
<!-- Generated by org.testng.reporters.JUnitXMLReporter -->
<testsuite ignored="0" hostname="DESKTOP-CL7U2LF" failures="0" tests="3" name="Default test" time="101.27" errors="0" timestamp="2023-01-22T12:25:53 IST">
  <testcase classname="com.amazon.qa.TestCases.LoginPageTest" name="getLoginDetails" time="13.463"/>
  <testcase classname="com.amazon.qa.TestCases.LoginPageTest" name="getLoginPageTitle" time="0.07"/>
  <testcase classname="com.amazon.qa.TestCases.LoginPageTest" name="amzLogoTest" time="0.435"/>
</testsuite> <!-- Default test -->
