<?xml version="1.0" encoding="UTF-8"?>
<testng-results ignored="0" total="3" passed="3" failed="0" skipped="0">
  <reporter-output>
  </reporter-output>
  <suite started-at="2023-01-22T12:24:11 IST" name="Default suite" finished-at="2023-01-22T12:25:53 IST" duration-ms="101270">
    <groups>
    </groups>
    <test started-at="2023-01-22T12:24:11 IST" name="Default test" finished-at="2023-01-22T12:25:53 IST" duration-ms="101270">
      <class name="com.amazon.qa.TestCases.LoginPageTest">
        <test-method is-config="true" signature="setUp()[pri:0, instance:com.amazon.qa.TestCases.LoginPageTest@6379eb]" started-at="2023-01-22T12:24:12 IST" name="setUp" finished-at="2023-01-22T12:25:19 IST" duration-ms="67941" status="PASS">
          <reporter-output>
          </reporter-output>
        </test-method> <!-- setUp -->
        <test-method signature="getLoginDetails()[pri:0, instance:com.amazon.qa.TestCases.LoginPageTest@6379eb]" started-at="2023-01-22T12:25:19 IST" name="getLoginDetails" finished-at="2023-01-22T12:25:33 IST" duration-ms="13463" status="PASS">
          <reporter-output>
          </reporter-output>
        </test-method> <!-- getLoginDetails -->
        <test-method is-config="true" signature="tearDown()[pri:0, instance:com.amazon.qa.TestCases.LoginPageTest@6379eb]" started-at="2023-01-22T12:25:33 IST" name="tearDown" finished-at="2023-01-22T12:25:35 IST" duration-ms="2417" status="PASS">
          <reporter-output>
          </reporter-output>
        </test-method> <!-- tearDown -->
        <test-method is-config="true" signature="setUp()[pri:0, instance:com.amazon.qa.TestCases.LoginPageTest@6379eb]" started-at="2023-01-22T12:25:35 IST" name="setUp" finished-at="2023-01-22T12:25:46 IST" duration-ms="10285" status="PASS">
          <reporter-output>
          </reporter-output>
        </test-method> <!-- setUp -->
        <test-method signature="getLoginPageTitle()[pri:1, instance:com.amazon.qa.TestCases.LoginPageTest@6379eb]" started-at="2023-01-22T12:25:46 IST" name="getLoginPageTitle" finished-at="2023-01-22T12:25:46 IST" duration-ms="70" status="PASS">
          <reporter-output>
          </reporter-output>
        </test-method> <!-- getLoginPageTitle -->
        <test-method is-config="true" signature="tearDown()[pri:0, instance:com.amazon.qa.TestCases.LoginPageTest@6379eb]" started-at="2023-01-22T12:25:46 IST" name="tearDown" finished-at="2023-01-22T12:25:46 IST" duration-ms="677" status="PASS">
          <reporter-output>
          </reporter-output>
        </test-method> <!-- tearDown -->
        <test-method is-config="true" signature="setUp()[pri:0, instance:com.amazon.qa.TestCases.LoginPageTest@6379eb]" started-at="2023-01-22T12:25:46 IST" name="setUp" finished-at="2023-01-22T12:25:52 IST" duration-ms="5244" status="PASS">
          <reporter-output>
          </reporter-output>
        </test-method> <!-- setUp -->
        <test-method signature="amzLogoTest()[pri:2, instance:com.amazon.qa.TestCases.LoginPageTest@6379eb]" started-at="2023-01-22T12:25:52 IST" name="amzLogoTest" finished-at="2023-01-22T12:25:52 IST" duration-ms="435" status="PASS">
          <reporter-output>
          </reporter-output>
        </test-method> <!-- amzLogoTest -->
        <test-method is-config="true" signature="tearDown()[pri:0, instance:com.amazon.qa.TestCases.LoginPageTest@6379eb]" started-at="2023-01-22T12:25:52 IST" name="tearDown" finished-at="2023-01-22T12:25:53 IST" duration-ms="552" status="PASS">
          <reporter-output>
          </reporter-output>
        </test-method> <!-- tearDown -->
      </class> <!-- com.amazon.qa.TestCases.LoginPageTest -->
    </test> <!-- Default test -->
  </suite> <!-- Default suite -->
</testng-results>
